2019-09-11 16:22:35 +0000  Initial pipeline context: <IDEDistributionProcessingPipelineContext: 0x7fd2dbc41c00; archive(resolved)='<IDEArchive: 0x7fd2d965e050>', distributionTask(resolved)='2', distributionMethod(resolved)='<IDEDistributionMethodiOSAppStoreExport: 0x7fd2d9e4d4d0>', team(resolved)='<IDEProvisioningBasicTeam 0x7fd2daf59de0: teamID: J49987U8AR, teamName: Sandeep Bamane>'>
	Chain (11, self inclusive):
	<IDEDistributionProcessingPipelineContext: 0x7fd2dbc41c00; archive = '<IDEArchive: 0x7fd2d965e050>', distributionMethod='<IDEDistributionMethodiOSAppStoreExport: 0x7fd2d9e4d4d0>', team='<IDEProvisioningBasicTeam 0x7fd2daf59de0: teamID: J49987U8AR, teamName: Sandeep Bamane>'>
	<IDEDistributionProcessingPipelineContext: 0x7fd2dba9abd0; archive = '<IDEArchive: 0x7fd2d965e050>', distributionMethod='<IDEDistributionMethodiOSAppStoreExport: 0x7fd2d9e4d4d0>', team='<IDEProvisioningBasicTeam 0x7fd2daf59de0: teamID: J49987U8AR, teamName: Sandeep Bamane>'>
	<IDEDistributionContext: 0x7fd2d3a53390; archive = '<IDEArchive: 0x7fd2d965e050>', distributionMethod='<IDEDistributionMethodiOSAppStoreExport: 0x7fd2d9e4d4d0>', team='<IDEProvisioningBasicTeam 0x7fd2daf59de0: teamID: J49987U8AR, teamName: Sandeep Bamane>'>
	<IDEDistributionContext: 0x7fd2da8d8e70; archive = '<IDEArchive: 0x7fd2d965e050>', distributionMethod='<IDEDistributionMethodiOSAppStoreExport: 0x7fd2d9e4d4d0>', team='<IDEProvisioningBasicTeam 0x7fd2daf59de0: teamID: J49987U8AR, teamName: Sandeep Bamane>'>
	<IDEDistributionContext: 0x7fd2dad334d0; archive = '<IDEArchive: 0x7fd2d965e050>', distributionMethod='<IDEDistributionMethodiOSAppStoreExport: 0x7fd2d9e4d4d0>', team='<IDEProvisioningBasicTeam 0x7fd2daf59de0: teamID: J49987U8AR, teamName: Sandeep Bamane>'>
	<IDEDistributionContext: 0x7fd2db5922a0; archive = '<IDEArchive: 0x7fd2d965e050>', distributionMethod='<IDEDistributionMethodiOSAppStoreExport: 0x7fd2d9e4d4d0>', team='<IDEProvisioningBasicTeam 0x7fd2daf59de0: teamID: J49987U8AR, teamName: Sandeep Bamane>'>
	<IDEDistributionContext: 0x7fd2d9d0a560; archive = '<IDEArchive: 0x7fd2d965e050>', distributionMethod='<IDEDistributionMethodiOSAppStoreExport: 0x7fd2d9e4d4d0>', team='<IDEProvisioningBasicTeam 0x7fd2daf59de0: teamID: J49987U8AR, teamName: Sandeep Bamane>'>
	<IDEDistributionContext: 0x7fd2dbef44e0; archive = '<IDEArchive: 0x7fd2d965e050>', distributionMethod='<IDEDistributionMethodiOSAppStoreExport: 0x7fd2d9e4d4d0>', team='<IDEProvisioningBasicTeam 0x7fd2daf59de0: teamID: J49987U8AR, teamName: Sandeep Bamane>'>
	<IDEDistributionContext: 0x7fd2dbd88c30; archive = '<IDEArchive: 0x7fd2d965e050>', distributionMethod='<IDEDistributionMethodiOSAppStoreExport: 0x7fd2d9e4d4d0>', team='<IDEProvisioningBasicTeam 0x7fd2daf59de0: teamID: J49987U8AR, teamName: Sandeep Bamane>'>
	<IDEDistributionContext: 0x7fd2db0c7830; archive = '<IDEArchive: 0x7fd2d965e050>', distributionMethod='<IDEDistributionMethodiOSAppStoreExport: 0x7fd2d9e4d4d0>', team='(null)'>
	<IDEDistributionContext: 0x7fd2db14c4f0; archive = '<IDEArchive: 0x7fd2d965e050>', distributionMethod='(null)', team='(null)'>
</IDEDistributionProcessingPipelineContext: 0x7fd2dbc41c00>
2019-09-11 16:22:35 +0000  Processing step: IDEDistributionCreateDestRootStep
2019-09-11 16:22:35 +0000  Processing step: IDEDistributionCopyItemStep
2019-09-11 16:22:35 +0000  Running /usr/bin/ditto '-V' '/Users/raga/Library/Developer/Xcode/Archives/2019-09-11/ametek_ios 9-11-19, 9.50 PM.xcarchive/Products/Applications/ametek_ios.app' '/var/folders/bk/7f7vcj491zl46jwrsnlr0rdc0000gn/T/XcodeDistPipeline.ChO/Root/Payload/ametek_ios.app'
2019-09-11 16:22:35 +0000  >>> Copying /Users/raga/Library/Developer/Xcode/Archives/2019-09-11/ametek_ios 9-11-19, 9.50 PM.xcarchive/Products/Applications/ametek_ios.app 
2019-09-11 16:22:35 +0000  
2019-09-11 16:22:35 +0000  copying file ./_CodeSignature/CodeResources ... 
2019-09-11 16:22:35 +0000  15735 bytes for ./_CodeSignature/CodeResources
2019-09-11 16:22:35 +0000  copying file ./ametek_ios ... 
2019-09-11 16:22:35 +0000  23562656 bytes for ./ametek_ios
2019-09-11 16:22:35 +0000  copying file ./AntDesign.ttf ... 
70344 bytes for ./AntDesign.ttf
copying file ./archived-expanded-entitlements.xcent ... 
412 bytes for ./archived-expanded-entitlements.xcent
copying file ./assets/node_modules/react-navigation-stack/lib/module/views/assets/back-icon-mask.png ... 
1619 bytes for ./assets/node_modules/react-navigation-stack/lib/module/views/assets/back-icon-mask.png
copying file ./assets/node_modules/react-navigation-stack/lib/module/views/assets/back-icon.png ... 
290 bytes for ./assets/node_modules/react-navigation-stack/lib/module/views/assets/back-icon.png
copying file ./assets/node_modules/react-navigation-stack/lib/module/views/assets/back-icon@2x.png ... 
405 bytes for ./assets/node_modules/react-navigation-stack/lib/module/views/assets/back-icon@2x.png
copying file ./assets/node_modules/react-navigation-stack/lib/module/views/assets/back-icon@3x.png ... 
761 bytes for ./assets/node_modules/react-navigation-stack/lib/module/views/assets/back-icon@3x.png
copying file ./assets/pages/images/ametek_logo@1X.png ... 
6598 bytes for ./assets/pages/images/ametek_logo@1X.png
copying file ./assets/pages/images/profile_pic_logo_2.png ... 
1176 bytes for ./assets/pages/images/profile_pic_logo_2.png
copying file ./Base.lproj/LaunchScreen.nib ... 
3104 bytes for ./Base.lproj/LaunchScreen.nib
copying file ./embedded.mobileprovision ... 
7391 bytes for ./embedded.mobileprovision
copying file ./Entypo.ttf ... 
2019-09-11 16:22:35 +0000  65584 bytes for ./Entypo.ttf
copying file ./EvilIcons.ttf ... 
13456 bytes for ./EvilIcons.ttf
copying file ./Feather.ttf ... 
2019-09-11 16:22:35 +0000  58272 bytes for ./Feather.ttf
copying file ./FontAwesome.ttf ... 
2019-09-11 16:22:35 +0000  165548 bytes for ./FontAwesome.ttf
copying file ./FontAwesome5_Brands.ttf ... 
2019-09-11 16:22:35 +0000  125016 bytes for ./FontAwesome5_Brands.ttf
2019-09-11 16:22:35 +0000  copying file ./FontAwesome5_Regular.ttf ... 
2019-09-11 16:22:35 +0000  34092 bytes for ./FontAwesome5_Regular.ttf
copying file ./FontAwesome5_Solid.ttf ... 
2019-09-11 16:22:35 +0000  186228 bytes for ./FontAwesome5_Solid.ttf
2019-09-11 16:22:35 +0000  copying file ./Fontisto.ttf ... 
2019-09-11 16:22:35 +0000  313528 bytes for ./Fontisto.ttf
copying file ./Foundation.ttf ... 
2019-09-11 16:22:35 +0000  56976 bytes for ./Foundation.ttf
copying file ./Info.plist ... 
2019-09-11 16:22:35 +0000  2170 bytes for ./Info.plist
copying file ./Ionicons.ttf ... 
2019-09-11 16:22:35 +0000  112472 bytes for ./Ionicons.ttf
copying file ./main.jsbundle ... 
2019-09-11 16:22:35 +0000  1817136 bytes for ./main.jsbundle
2019-09-11 16:22:35 +0000  copying file ./MaterialCommunityIcons.ttf ... 
546548 bytes for ./MaterialCommunityIcons.ttf
copying file ./MaterialIcons.ttf ... 
128180 bytes for ./MaterialIcons.ttf
copying file ./Montserrat-Bold.ttf ... 
244468 bytes for ./Montserrat-Bold.ttf
copying file ./Montserrat-BoldItalic.ttf ... 
249556 bytes for ./Montserrat-BoldItalic.ttf
copying file ./Montserrat-ExtraBold.ttf ... 
244868 bytes for ./Montserrat-ExtraBold.ttf
copying file ./Montserrat-ExtraBoldItalic.ttf ... 
249776 bytes for ./Montserrat-ExtraBoldItalic.ttf
copying file ./Montserrat-ExtraLight.ttf ... 
242128 bytes for ./Montserrat-ExtraLight.ttf
copying file ./Montserrat-ExtraLightItalic.ttf ... 
2019-09-11 16:22:35 +0000  246176 bytes for ./Montserrat-ExtraLightItalic.ttf
copying file ./Montserrat-Light.ttf ... 
242068 bytes for ./Montserrat-Light.ttf
copying file ./Montserrat-LightItalic.ttf ... 
246276 bytes for ./Montserrat-LightItalic.ttf
copying file ./Montserrat-Medium.ttf ... 
243180 bytes for ./Montserrat-Medium.ttf
copying file ./Montserrat-MediumItalic.ttf ... 
248044 bytes for ./Montserrat-MediumItalic.ttf
copying file ./Montserrat-Regular.otf ... 
350164 bytes for ./Montserrat-Regular.otf
copying file ./Montserrat-Regular.ttf ... 
245708 bytes for ./Montserrat-Regular.ttf
copying file ./Montserrat-RegularItalic.ttf ... 
249088 bytes for ./Montserrat-RegularItalic.ttf
copying file ./Montserrat-SemiBold.ttf ... 
243816 bytes for ./Montserrat-SemiBold.ttf
copying file ./Montserrat-SemiBoldItalic.ttf ... 
2019-09-11 16:22:35 +0000  /usr/bin/ditto exited with 0
2019-09-11 16:22:35 +0000  249192 bytes for ./Montserrat-SemiBoldItalic.ttf
copying file ./Montserrat-Thin.ttf ... 
241436 bytes for ./Montserrat-Thin.ttf
copying file ./Montserrat-ThinItalic.ttf ... 
245372 bytes for ./Montserrat-ThinItalic.ttf
copying file ./Octicons.ttf ... 
28364 bytes for ./Octicons.ttf
copying file ./PkgInfo ... 
8 bytes for ./PkgInfo
copying file ./SimpleLineIcons.ttf ... 
54056 bytes for ./SimpleLineIcons.ttf
copying file ./Zocial.ttf ... 
25552 bytes for ./Zocial.ttf
2019-09-11 16:22:35 +0000  Processing step: IDEDistributionEmbedProfileStep
2019-09-11 16:22:35 +0000  Processing step: IDEDistributionItemRemovalStep
2019-09-11 16:22:35 +0000  Processing step: IDEDistributionAppThinningPlistStep
2019-09-11 16:22:35 +0000  Skipping step: IDEDistributionAppThinningPlistStep because it said so
2019-09-11 16:22:35 +0000  Processing step: IDEDistributionCompileBitcodeStep
2019-09-11 16:22:35 +0000  Skipping step: IDEDistributionCompileBitcodeStep because it said so
2019-09-11 16:22:35 +0000  Processing step: IDEDistributionCodeSlimmingStep
2019-09-11 16:22:35 +0000  Processing step: IDEDistributionCopyBCSymbolMapsStep
2019-09-11 16:22:35 +0000  Running /usr/bin/ditto '-V' '/Users/raga/Library/Developer/Xcode/Archives/2019-09-11/ametek_ios 9-11-19, 9.50 PM.xcarchive/BCSymbolMaps/9FC68A66-2D2B-33F3-95BF-4DD1DB3F815A.bcsymbolmap' '/var/folders/bk/7f7vcj491zl46jwrsnlr0rdc0000gn/T/XcodeDistPipeline.ChO/Root/BCSymbolMaps/9FC68A66-2D2B-33F3-95BF-4DD1DB3F815A.bcsymbolmap'
2019-09-11 16:22:35 +0000  >>> Copying /Users/raga/Library/Developer/Xcode/Archives/2019-09-11/ametek_ios 9-11-19, 9.50 PM.xcarchive/BCSymbolMaps/9FC68A66-2D2B-33F3-95BF-4DD1DB3F815A.bcsymbolmap 
2019-09-11 16:22:35 +0000  copying file ./9FC68A66-2D2B-33F3-95BF-4DD1DB3F815A.bcsymbolmap ... 
2019-09-11 16:22:35 +0000  881871 bytes for ./9FC68A66-2D2B-33F3-95BF-4DD1DB3F815A.bcsymbolmap
2019-09-11 16:22:35 +0000  /usr/bin/ditto exited with 0
2019-09-11 16:22:35 +0000  Running /usr/bin/ditto '-V' '/Users/raga/Library/Developer/Xcode/Archives/2019-09-11/ametek_ios 9-11-19, 9.50 PM.xcarchive/BCSymbolMaps/C0D09A59-543F-3CED-8BCE-841AAEA173CF.bcsymbolmap' '/var/folders/bk/7f7vcj491zl46jwrsnlr0rdc0000gn/T/XcodeDistPipeline.ChO/Root/BCSymbolMaps/C0D09A59-543F-3CED-8BCE-841AAEA173CF.bcsymbolmap'
2019-09-11 16:22:35 +0000  >>> Copying /Users/raga/Library/Developer/Xcode/Archives/2019-09-11/ametek_ios 9-11-19, 9.50 PM.xcarchive/BCSymbolMaps/C0D09A59-543F-3CED-8BCE-841AAEA173CF.bcsymbolmap 
2019-09-11 16:22:35 +0000  copying file ./C0D09A59-543F-3CED-8BCE-841AAEA173CF.bcsymbolmap ... 
2019-09-11 16:22:35 +0000  893564 bytes for ./C0D09A59-543F-3CED-8BCE-841AAEA173CF.bcsymbolmap
2019-09-11 16:22:35 +0000  /usr/bin/ditto exited with 0
2019-09-11 16:22:35 +0000  Processing step: IDEDistributionSymbolsStep
2019-09-11 16:22:35 +0000  Excluding symbols for ametek_ios.app
2019-09-11 16:22:35 +0000  Processing step: IDEDistributionCopyAppleProvidedContentStep
2019-09-11 16:22:35 +0000  Processing step: IDEDistributionAppThinningStep
2019-09-11 16:22:35 +0000  Skipping step: IDEDistributionAppThinningStep because it said so
2019-09-11 16:22:35 +0000  Processing step: IDEDistributionODRStep
2019-09-11 16:22:35 +0000  Processing step: IDEDistributionStripXattrsStep
2019-09-11 16:22:35 +0000  Running /usr/bin/xattr '-crs' '/var/folders/bk/7f7vcj491zl46jwrsnlr0rdc0000gn/T/XcodeDistPipeline.ChO/Root/Payload/ametek_ios.app'
2019-09-11 16:22:36 +0000  /usr/bin/xattr exited with 0
2019-09-11 16:22:36 +0000  Processing step: IDEDistributionCodesignStep
2019-09-11 16:22:36 +0000  Applying entitlements delta for <IDEDistributionItem: 0x7fd2d9f87e80 'org.reactjs.native.example.ametek-ios' '<DVTFilePath:0x7fd2da203900:'/Users/raga/Library/Developer/Xcode/Archives/2019-09-11/ametek_ios 9-11-19, 9.50 PM.xcarchive/Products/Applications/ametek_ios.app'>'> from <IDEiCloudEntitlementsProcessor: 0x7fd2d2beeba0>: {
}
2019-09-11 16:22:36 +0000  Entitlements for <IDEDistributionItem: 0x7fd2d9f87e80 'org.reactjs.native.example.ametek-ios' '<DVTFilePath:0x7fd2da203900:'/Users/raga/Library/Developer/Xcode/Archives/2019-09-11/ametek_ios 9-11-19, 9.50 PM.xcarchive/Products/Applications/ametek_ios.app'>'>: {
    "application-identifier" = "J49987U8AR.org.reactjs.native.example.ametek-ios";
    "beta-reports-active" = 1;
    "com.apple.developer.team-identifier" = J49987U8AR;
    "get-task-allow" = 0;
    "keychain-access-groups" =     (
        "J49987U8AR.org.reactjs.native.example.ametek-ios"
    );
}
2019-09-11 16:22:36 +0000  Writing entitlements for <IDEDistributionItem: 0x7fd2d9f87e80 'org.reactjs.native.example.ametek-ios' '<DVTFilePath:0x7fd2da203900:'/Users/raga/Library/Developer/Xcode/Archives/2019-09-11/ametek_ios 9-11-19, 9.50 PM.xcarchive/Products/Applications/ametek_ios.app'>'> to: /var/folders/bk/7f7vcj491zl46jwrsnlr0rdc0000gn/T/XcodeDistPipeline.ChO/entitlementspMZa6q
2019-09-11 16:22:36 +0000  Running /usr/bin/codesign '-vvv' '--force' '--sign' '9899805BC42DAC9CD7B9F1667246F2A8BE69EDB5' '--preserve-metadata=identifier,flags' '--entitlements' '/var/folders/bk/7f7vcj491zl46jwrsnlr0rdc0000gn/T/XcodeDistPipeline.ChO/entitlementspMZa6q' '/var/folders/bk/7f7vcj491zl46jwrsnlr0rdc0000gn/T/XcodeDistPipeline.ChO/Root/Payload/ametek_ios.app'
2019-09-11 16:22:36 +0000  /var/folders/bk/7f7vcj491zl46jwrsnlr0rdc0000gn/T/XcodeDistPipeline.ChO/Root/Payload/ametek_ios.app: signed app bundle with Mach-O universal (armv7 arm64) [org.reactjs.native.example.ametek-ios]
2019-09-11 16:22:36 +0000  /usr/bin/codesign exited with 0
2019-09-11 16:22:36 +0000  Processing step: IDEDistributionStreamingZipItemStep
2019-09-11 16:22:36 +0000  Skipping step: IDEDistributionStreamingZipItemStep because it said so
2019-09-11 16:22:36 +0000  Processing step: IDEDistributionCreateIPAStep
2019-09-11 16:22:36 +0000  Running /usr/bin/ditto '-V' '-c' '-k' '--norsrc' '/var/folders/bk/7f7vcj491zl46jwrsnlr0rdc0000gn/T/XcodeDistPipeline.ChO/Root' '/var/folders/bk/7f7vcj491zl46jwrsnlr0rdc0000gn/T/XcodeDistPipeline.ChO/Packages/ametek_ios.ipa'
2019-09-11 16:22:36 +0000  >>> Copying /var/folders/bk/7f7vcj491zl46jwrsnlr0rdc0000gn/T/XcodeDistPipeline.ChO/Root 
2019-09-11 16:22:36 +0000  copying file ./BCSymbolMaps/9FC68A66-2D2B-33F3-95BF-4DD1DB3F815A.bcsymbolmap ... 
2019-09-11 16:22:36 +0000  881871 bytes for ./BCSymbolMaps/9FC68A66-2D2B-33F3-95BF-4DD1DB3F815A.bcsymbolmap
copying file ./BCSymbolMaps/C0D09A59-543F-3CED-8BCE-841AAEA173CF.bcsymbolmap ... 
2019-09-11 16:22:36 +0000  893564 bytes for ./BCSymbolMaps/C0D09A59-543F-3CED-8BCE-841AAEA173CF.bcsymbolmap
2019-09-11 16:22:36 +0000  copying file ./Payload/ametek_ios.app/_CodeSignature/CodeResources ... 
2019-09-11 16:22:36 +0000  15735 bytes for ./Payload/ametek_ios.app/_CodeSignature/CodeResources
2019-09-11 16:22:36 +0000  copying file ./Payload/ametek_ios.app/ametek_ios ... 
2019-09-11 16:22:37 +0000  19854416 bytes for ./Payload/ametek_ios.app/ametek_ios
copying file ./Payload/ametek_ios.app/AntDesign.ttf ... 
2019-09-11 16:22:37 +0000  70344 bytes for ./Payload/ametek_ios.app/AntDesign.ttf
copying file ./Payload/ametek_ios.app/archived-expanded-entitlements.xcent ... 
2019-09-11 16:22:37 +0000  412 bytes for ./Payload/ametek_ios.app/archived-expanded-entitlements.xcent
2019-09-11 16:22:37 +0000  copying file ./Payload/ametek_ios.app/assets/node_modules/react-navigation-stack/lib/module/views/assets/back-icon-mask.png ... 
2019-09-11 16:22:37 +0000  1619 bytes for ./Payload/ametek_ios.app/assets/node_modules/react-navigation-stack/lib/module/views/assets/back-icon-mask.png
copying file ./Payload/ametek_ios.app/assets/node_modules/react-navigation-stack/lib/module/views/assets/back-icon.png ... 
2019-09-11 16:22:37 +0000  290 bytes for ./Payload/ametek_ios.app/assets/node_modules/react-navigation-stack/lib/module/views/assets/back-icon.png
copying file ./Payload/ametek_ios.app/assets/node_modules/react-navigation-stack/lib/module/views/assets/back-icon@2x.png ... 
2019-09-11 16:22:37 +0000  405 bytes for ./Payload/ametek_ios.app/assets/node_modules/react-navigation-stack/lib/module/views/assets/back-icon@2x.png
copying file ./Payload/ametek_ios.app/assets/node_modules/react-navigation-stack/lib/module/views/assets/back-icon@3x.png ... 
2019-09-11 16:22:37 +0000  761 bytes for ./Payload/ametek_ios.app/assets/node_modules/react-navigation-stack/lib/module/views/assets/back-icon@3x.png
2019-09-11 16:22:37 +0000  copying file ./Payload/ametek_ios.app/assets/pages/images/ametek_logo@1X.png ... 
2019-09-11 16:22:37 +0000  6598 bytes for ./Payload/ametek_ios.app/assets/pages/images/ametek_logo@1X.png
copying file ./Payload/ametek_ios.app/assets/pages/images/profile_pic_logo_2.png ... 
2019-09-11 16:22:37 +0000  1176 bytes for ./Payload/ametek_ios.app/assets/pages/images/profile_pic_logo_2.png
2019-09-11 16:22:37 +0000  copying file ./Payload/ametek_ios.app/Base.lproj/LaunchScreen.nib ... 
2019-09-11 16:22:37 +0000  3104 bytes for ./Payload/ametek_ios.app/Base.lproj/LaunchScreen.nib
2019-09-11 16:22:37 +0000  copying file ./Payload/ametek_ios.app/embedded.mobileprovision ... 
2019-09-11 16:22:37 +0000  7391 bytes for ./Payload/ametek_ios.app/embedded.mobileprovision
copying file ./Payload/ametek_ios.app/Entypo.ttf ... 
2019-09-11 16:22:37 +0000  65584 bytes for ./Payload/ametek_ios.app/Entypo.ttf
copying file ./Payload/ametek_ios.app/EvilIcons.ttf ... 
2019-09-11 16:22:37 +0000  13456 bytes for ./Payload/ametek_ios.app/EvilIcons.ttf
copying file ./Payload/ametek_ios.app/Feather.ttf ... 
2019-09-11 16:22:37 +0000  58272 bytes for ./Payload/ametek_ios.app/Feather.ttf
copying file ./Payload/ametek_ios.app/FontAwesome.ttf ... 
2019-09-11 16:22:37 +0000  165548 bytes for ./Payload/ametek_ios.app/FontAwesome.ttf
copying file ./Payload/ametek_ios.app/FontAwesome5_Brands.ttf ... 
2019-09-11 16:22:37 +0000  125016 bytes for ./Payload/ametek_ios.app/FontAwesome5_Brands.ttf
copying file ./Payload/ametek_ios.app/FontAwesome5_Regular.ttf ... 
2019-09-11 16:22:37 +0000  34092 bytes for ./Payload/ametek_ios.app/FontAwesome5_Regular.ttf
copying file ./Payload/ametek_ios.app/FontAwesome5_Solid.ttf ... 
2019-09-11 16:22:37 +0000  186228 bytes for ./Payload/ametek_ios.app/FontAwesome5_Solid.ttf
copying file ./Payload/ametek_ios.app/Fontisto.ttf ... 
2019-09-11 16:22:37 +0000  313528 bytes for ./Payload/ametek_ios.app/Fontisto.ttf
copying file ./Payload/ametek_ios.app/Foundation.ttf ... 
2019-09-11 16:22:37 +0000  56976 bytes for ./Payload/ametek_ios.app/Foundation.ttf
copying file ./Payload/ametek_ios.app/Info.plist ... 
2019-09-11 16:22:37 +0000  2170 bytes for ./Payload/ametek_ios.app/Info.plist
2019-09-11 16:22:37 +0000  copying file ./Payload/ametek_ios.app/Ionicons.ttf ... 
2019-09-11 16:22:37 +0000  112472 bytes for ./Payload/ametek_ios.app/Ionicons.ttf
copying file ./Payload/ametek_ios.app/main.jsbundle ... 
2019-09-11 16:22:37 +0000  1817136 bytes for ./Payload/ametek_ios.app/main.jsbundle
copying file ./Payload/ametek_ios.app/MaterialCommunityIcons.ttf ... 
2019-09-11 16:22:37 +0000  546548 bytes for ./Payload/ametek_ios.app/MaterialCommunityIcons.ttf
copying file ./Payload/ametek_ios.app/MaterialIcons.ttf ... 
2019-09-11 16:22:37 +0000  128180 bytes for ./Payload/ametek_ios.app/MaterialIcons.ttf
copying file ./Payload/ametek_ios.app/Montserrat-Bold.ttf ... 
2019-09-11 16:22:37 +0000  244468 bytes for ./Payload/ametek_ios.app/Montserrat-Bold.ttf
copying file ./Payload/ametek_ios.app/Montserrat-BoldItalic.ttf ... 
2019-09-11 16:22:37 +0000  249556 bytes for ./Payload/ametek_ios.app/Montserrat-BoldItalic.ttf
2019-09-11 16:22:37 +0000  copying file ./Payload/ametek_ios.app/Montserrat-ExtraBold.ttf ... 
2019-09-11 16:22:37 +0000  244868 bytes for ./Payload/ametek_ios.app/Montserrat-ExtraBold.ttf
copying file ./Payload/ametek_ios.app/Montserrat-ExtraBoldItalic.ttf ... 
2019-09-11 16:22:37 +0000  249776 bytes for ./Payload/ametek_ios.app/Montserrat-ExtraBoldItalic.ttf
copying file ./Payload/ametek_ios.app/Montserrat-ExtraLight.ttf ... 
2019-09-11 16:22:37 +0000  242128 bytes for ./Payload/ametek_ios.app/Montserrat-ExtraLight.ttf
copying file ./Payload/ametek_ios.app/Montserrat-ExtraLightItalic.ttf ... 
2019-09-11 16:22:37 +0000  246176 bytes for ./Payload/ametek_ios.app/Montserrat-ExtraLightItalic.ttf
copying file ./Payload/ametek_ios.app/Montserrat-Light.ttf ... 
2019-09-11 16:22:37 +0000  242068 bytes for ./Payload/ametek_ios.app/Montserrat-Light.ttf
copying file ./Payload/ametek_ios.app/Montserrat-LightItalic.ttf ... 
2019-09-11 16:22:38 +0000  246276 bytes for ./Payload/ametek_ios.app/Montserrat-LightItalic.ttf
copying file ./Payload/ametek_ios.app/Montserrat-Medium.ttf ... 
2019-09-11 16:22:38 +0000  243180 bytes for ./Payload/ametek_ios.app/Montserrat-Medium.ttf
copying file ./Payload/ametek_ios.app/Montserrat-MediumItalic.ttf ... 
2019-09-11 16:22:38 +0000  248044 bytes for ./Payload/ametek_ios.app/Montserrat-MediumItalic.ttf
copying file ./Payload/ametek_ios.app/Montserrat-Regular.otf ... 
2019-09-11 16:22:38 +0000  350164 bytes for ./Payload/ametek_ios.app/Montserrat-Regular.otf
copying file ./Payload/ametek_ios.app/Montserrat-Regular.ttf ... 
2019-09-11 16:22:38 +0000  245708 bytes for ./Payload/ametek_ios.app/Montserrat-Regular.ttf
copying file ./Payload/ametek_ios.app/Montserrat-RegularItalic.ttf ... 
2019-09-11 16:22:38 +0000  249088 bytes for ./Payload/ametek_ios.app/Montserrat-RegularItalic.ttf
copying file ./Payload/ametek_ios.app/Montserrat-SemiBold.ttf ... 
2019-09-11 16:22:38 +0000  243816 bytes for ./Payload/ametek_ios.app/Montserrat-SemiBold.ttf
copying file ./Payload/ametek_ios.app/Montserrat-SemiBoldItalic.ttf ... 
2019-09-11 16:22:38 +0000  249192 bytes for ./Payload/ametek_ios.app/Montserrat-SemiBoldItalic.ttf
copying file ./Payload/ametek_ios.app/Montserrat-Thin.ttf ... 
2019-09-11 16:22:38 +0000  241436 bytes for ./Payload/ametek_ios.app/Montserrat-Thin.ttf
copying file ./Payload/ametek_ios.app/Montserrat-ThinItalic.ttf ... 
2019-09-11 16:22:38 +0000  245372 bytes for ./Payload/ametek_ios.app/Montserrat-ThinItalic.ttf
copying file ./Payload/ametek_ios.app/Octicons.ttf ... 
2019-09-11 16:22:38 +0000  28364 bytes for ./Payload/ametek_ios.app/Octicons.ttf
copying file ./Payload/ametek_ios.app/PkgInfo ... 
2019-09-11 16:22:38 +0000  8 bytes for ./Payload/ametek_ios.app/PkgInfo
copying file ./Payload/ametek_ios.app/SimpleLineIcons.ttf ... 
2019-09-11 16:22:38 +0000  54056 bytes for ./Payload/ametek_ios.app/SimpleLineIcons.ttf
copying file ./Payload/ametek_ios.app/Zocial.ttf ... 
2019-09-11 16:22:38 +0000  25552 bytes for ./Payload/ametek_ios.app/Zocial.ttf
2019-09-11 16:22:38 +0000  /usr/bin/ditto exited with 0
2019-09-11 16:22:38 +0000  Processing step: IDEDistributionCreateManifestStep
2019-09-11 16:22:38 +0000  Skipping step: IDEDistributionCreateManifestStep because it said so
